2025-04-27 14:01:48,086 [Worker-6: Loading available Gradle versions] INFO  o.e.b.c.i.u.g.PublishedGradleVersions - Gradle version information cache is not available. Remote download required.
2025-04-27 17:12:24,583 [Worker-7: Loading available Gradle versions] INFO  o.e.b.c.i.u.g.PublishedGradleVersions - Gradle version information cache is up-to-date. Trying to read.
2025-04-27 21:32:47,513 [Worker-4: Loading available Gradle versions] INFO  o.e.b.c.i.u.g.PublishedGradleVersions - Gradle version information cache is up-to-date. Trying to read.
2025-04-28 08:18:20,174 [Worker-4: Loading available Gradle versions] INFO  o.e.b.c.i.u.g.PublishedGradleVersions - Gradle version information cache is up-to-date. Trying to read.
2025-04-28 18:47:43,855 [Worker-107: Creating project "erp_mini"] INFO  o.e.m.c.i.l.LifecycleMappingFactory - Using org.eclipse.m2e.jdt.JarLifecycleMapping lifecycle mapping for MavenProject: com.douihzakaria:erp_mini:0.0.1-SNAPSHOT @ D:\projet encadré\desktop_erp\erp_mini\pom.xml.
2025-04-28 18:48:11,754 [Worker-107: Creating project "erp_mini"] INFO  o.e.m.c.i.e.AbstractTransferListenerAdapter - Downloading https://repo.maven.apache.org/maven2/org/apache/maven/plugins/maven-surefire-plugin/3.2.5/maven-surefire-plugin-3.2.5.pom
2025-04-28 18:48:11,802 [Worker-107: Creating project "erp_mini"] INFO  o.e.m.c.i.e.AbstractTransferListenerAdapter - Downloaded https://repo.maven.apache.org/maven2/org/apache/maven/plugins/maven-surefire-plugin/3.2.5/maven-surefire-plugin-3.2.5.pom
2025-04-28 18:48:11,899 [Worker-107: Creating project "erp_mini"] INFO  o.e.m.c.i.e.AbstractTransferListenerAdapter - Downloading https://repo.maven.apache.org/maven2/org/apache/maven/surefire/surefire/3.2.5/surefire-3.2.5.pom
2025-04-28 18:48:12,021 [Worker-107: Creating project "erp_mini"] INFO  o.e.m.c.i.e.AbstractTransferListenerAdapter - Downloaded https://repo.maven.apache.org/maven2/org/apache/maven/surefire/surefire/3.2.5/surefire-3.2.5.pom
2025-04-28 18:48:12,266 [Worker-107: Creating project "erp_mini"] INFO  o.e.m.c.i.e.AbstractTransferListenerAdapter - Downloading https://repo.maven.apache.org/maven2/org/apache/maven/plugins/maven-jar-plugin/3.4.1/maven-jar-plugin-3.4.1.pom
2025-04-28 18:48:12,293 [Worker-107: Creating project "erp_mini"] INFO  o.e.m.c.i.e.AbstractTransferListenerAdapter - Downloaded https://repo.maven.apache.org/maven2/org/apache/maven/plugins/maven-jar-plugin/3.4.1/maven-jar-plugin-3.4.1.pom
2025-04-28 18:48:12,387 [Worker-107: Creating project "erp_mini"] INFO  o.e.m.c.i.e.AbstractTransferListenerAdapter - Downloading https://repo.maven.apache.org/maven2/org/apache/maven/plugins/maven-plugins/42/maven-plugins-42.pom
2025-04-28 18:48:12,435 [Worker-107: Creating project "erp_mini"] INFO  o.e.m.c.i.e.AbstractTransferListenerAdapter - Downloaded https://repo.maven.apache.org/maven2/org/apache/maven/plugins/maven-plugins/42/maven-plugins-42.pom
2025-04-28 18:48:12,524 [Worker-107: Creating project "erp_mini"] INFO  o.e.m.c.i.e.AbstractTransferListenerAdapter - Downloading https://repo.maven.apache.org/maven2/org/apache/maven/maven-parent/42/maven-parent-42.pom
2025-04-28 18:48:12,709 [Worker-107: Creating project "erp_mini"] INFO  o.e.m.c.i.e.AbstractTransferListenerAdapter - Downloaded https://repo.maven.apache.org/maven2/org/apache/maven/maven-parent/42/maven-parent-42.pom
2025-04-28 18:48:12,804 [Worker-107: Creating project "erp_mini"] INFO  o.e.m.c.i.e.AbstractTransferListenerAdapter - Downloading https://repo.maven.apache.org/maven2/org/apache/apache/32/apache-32.pom
2025-04-28 18:48:12,853 [Worker-107: Creating project "erp_mini"] INFO  o.e.m.c.i.e.AbstractTransferListenerAdapter - Downloaded https://repo.maven.apache.org/maven2/org/apache/apache/32/apache-32.pom
2025-04-28 18:48:13,205 [Worker-107: Creating project "erp_mini"] INFO  o.e.m.c.i.e.AbstractTransferListenerAdapter - Downloading https://repo.maven.apache.org/maven2/org/apache/maven/shared/file-management/3.1.0/file-management-3.1.0.pom
2025-04-28 18:48:13,234 [Worker-107: Creating project "erp_mini"] INFO  o.e.m.c.i.e.AbstractTransferListenerAdapter - Downloaded https://repo.maven.apache.org/maven2/org/apache/maven/shared/file-management/3.1.0/file-management-3.1.0.pom
2025-04-28 18:48:13,340 [Worker-107: Creating project "erp_mini"] INFO  o.e.m.c.i.e.AbstractTransferListenerAdapter - Downloading https://repo.maven.apache.org/maven2/org/apache/maven/shared/maven-shared-components/36/maven-shared-components-36.pom
2025-04-28 18:48:13,372 [Worker-107: Creating project "erp_mini"] INFO  o.e.m.c.i.e.AbstractTransferListenerAdapter - Downloaded https://repo.maven.apache.org/maven2/org/apache/maven/shared/maven-shared-components/36/maven-shared-components-36.pom
2025-04-28 18:48:13,518 [Worker-107: Creating project "erp_mini"] INFO  o.e.m.c.i.e.AbstractTransferListenerAdapter - Downloading https://repo.maven.apache.org/maven2/org/apache/maven/maven-parent/36/maven-parent-36.pom
2025-04-28 18:48:13,548 [Worker-107: Creating project "erp_mini"] INFO  o.e.m.c.i.e.AbstractTransferListenerAdapter - Downloaded https://repo.maven.apache.org/maven2/org/apache/maven/maven-parent/36/maven-parent-36.pom
2025-04-28 18:48:13,623 [Worker-107: Creating project "erp_mini"] INFO  o.e.m.c.i.e.AbstractTransferListenerAdapter - Downloading https://repo.maven.apache.org/maven2/org/apache/apache/26/apache-26.pom
2025-04-28 18:48:13,639 [Worker-107: Creating project "erp_mini"] INFO  o.e.m.c.i.e.AbstractTransferListenerAdapter - Downloaded https://repo.maven.apache.org/maven2/org/apache/apache/26/apache-26.pom
2025-04-28 18:48:13,731 [Worker-107: Creating project "erp_mini"] INFO  o.e.m.c.i.e.AbstractTransferListenerAdapter - Downloading https://repo.maven.apache.org/maven2/org/codehaus/plexus/plexus-utils/4.0.1/plexus-utils-4.0.1.pom
2025-04-28 18:48:13,743 [Worker-107: Creating project "erp_mini"] INFO  o.e.m.c.i.e.AbstractTransferListenerAdapter - Downloaded https://repo.maven.apache.org/maven2/org/codehaus/plexus/plexus-utils/4.0.1/plexus-utils-4.0.1.pom
2025-04-28 18:48:13,903 [Worker-107: Creating project "erp_mini"] INFO  o.e.m.c.i.e.AbstractTransferListenerAdapter - Downloading https://repo.maven.apache.org/maven2/commons-io/commons-io/2.16.1/commons-io-2.16.1.pom
2025-04-28 18:48:14,359 [Worker-107: Creating project "erp_mini"] INFO  o.e.m.c.i.e.AbstractTransferListenerAdapter - Downloaded https://repo.maven.apache.org/maven2/commons-io/commons-io/2.16.1/commons-io-2.16.1.pom
2025-04-28 18:48:14,537 [Worker-107: Creating project "erp_mini"] INFO  o.e.m.c.i.e.AbstractTransferListenerAdapter - Downloading https://repo.maven.apache.org/maven2/org/apache/commons/commons-parent/69/commons-parent-69.pom
2025-04-28 18:48:14,672 [Worker-107: Creating project "erp_mini"] INFO  o.e.m.c.i.e.AbstractTransferListenerAdapter - Downloaded https://repo.maven.apache.org/maven2/org/apache/commons/commons-parent/69/commons-parent-69.pom
2025-04-28 18:48:15,258 [Worker-107: Creating project "erp_mini"] INFO  o.e.m.c.i.e.AbstractTransferListenerAdapter - Downloading https://repo.maven.apache.org/maven2/org/apache/maven/maven-archiver/3.6.2/maven-archiver-3.6.2.pom
2025-04-28 18:48:15,276 [Worker-107: Creating project "erp_mini"] INFO  o.e.m.c.i.e.AbstractTransferListenerAdapter - Downloaded https://repo.maven.apache.org/maven2/org/apache/maven/maven-archiver/3.6.2/maven-archiver-3.6.2.pom
2025-04-28 18:48:15,358 [Worker-107: Creating project "erp_mini"] INFO  o.e.m.c.i.e.AbstractTransferListenerAdapter - Downloading https://repo.maven.apache.org/maven2/org/apache/maven/shared/maven-shared-components/41/maven-shared-components-41.pom
2025-04-28 18:48:15,383 [Worker-107: Creating project "erp_mini"] INFO  o.e.m.c.i.e.AbstractTransferListenerAdapter - Downloaded https://repo.maven.apache.org/maven2/org/apache/maven/shared/maven-shared-components/41/maven-shared-components-41.pom
2025-04-28 18:48:15,470 [Worker-107: Creating project "erp_mini"] INFO  o.e.m.c.i.e.AbstractTransferListenerAdapter - Downloading https://repo.maven.apache.org/maven2/org/codehaus/plexus/plexus-archiver/4.9.2/plexus-archiver-4.9.2.pom
2025-04-28 18:48:15,489 [Worker-107: Creating project "erp_mini"] INFO  o.e.m.c.i.e.AbstractTransferListenerAdapter - Downloaded https://repo.maven.apache.org/maven2/org/codehaus/plexus/plexus-archiver/4.9.2/plexus-archiver-4.9.2.pom
2025-04-28 18:48:15,566 [Worker-107: Creating project "erp_mini"] INFO  o.e.m.c.i.e.AbstractTransferListenerAdapter - Downloading https://repo.maven.apache.org/maven2/org/codehaus/plexus/plexus-io/3.4.2/plexus-io-3.4.2.pom
2025-04-28 18:48:15,590 [Worker-107: Creating project "erp_mini"] INFO  o.e.m.c.i.e.AbstractTransferListenerAdapter - Downloaded https://repo.maven.apache.org/maven2/org/codehaus/plexus/plexus-io/3.4.2/plexus-io-3.4.2.pom
2025-04-28 18:48:15,678 [Worker-107: Creating project "erp_mini"] INFO  o.e.m.c.i.e.AbstractTransferListenerAdapter - Downloading https://repo.maven.apache.org/maven2/org/codehaus/plexus/plexus/16/plexus-16.pom
2025-04-28 18:48:15,700 [Worker-107: Creating project "erp_mini"] INFO  o.e.m.c.i.e.AbstractTransferListenerAdapter - Downloaded https://repo.maven.apache.org/maven2/org/codehaus/plexus/plexus/16/plexus-16.pom
2025-04-28 18:48:15,773 [Worker-107: Creating project "erp_mini"] INFO  o.e.m.c.i.e.AbstractTransferListenerAdapter - Downloading https://repo.maven.apache.org/maven2/org/junit/junit-bom/5.10.1/junit-bom-5.10.1.pom
2025-04-28 18:48:15,806 [Worker-107: Creating project "erp_mini"] INFO  o.e.m.c.i.e.AbstractTransferListenerAdapter - Downloaded https://repo.maven.apache.org/maven2/org/junit/junit-bom/5.10.1/junit-bom-5.10.1.pom
2025-04-28 18:48:15,898 [Worker-107: Creating project "erp_mini"] INFO  o.e.m.c.i.e.AbstractTransferListenerAdapter - Downloading https://repo.maven.apache.org/maven2/org/apache/commons/commons-compress/1.26.1/commons-compress-1.26.1.pom
2025-04-28 18:48:15,956 [Worker-107: Creating project "erp_mini"] INFO  o.e.m.c.i.e.AbstractTransferListenerAdapter - Downloaded https://repo.maven.apache.org/maven2/org/apache/commons/commons-compress/1.26.1/commons-compress-1.26.1.pom
2025-04-28 18:48:16,057 [Worker-107: Creating project "erp_mini"] INFO  o.e.m.c.i.e.AbstractTransferListenerAdapter - Downloading https://repo.maven.apache.org/maven2/org/apache/commons/commons-parent/66/commons-parent-66.pom
2025-04-28 18:48:16,142 [Worker-107: Creating project "erp_mini"] INFO  o.e.m.c.i.e.AbstractTransferListenerAdapter - Downloaded https://repo.maven.apache.org/maven2/org/apache/commons/commons-parent/66/commons-parent-66.pom
2025-04-28 18:48:16,303 [Worker-107: Creating project "erp_mini"] INFO  o.e.m.c.i.e.AbstractTransferListenerAdapter - Downloading https://repo.maven.apache.org/maven2/commons-codec/commons-codec/1.16.1/commons-codec-1.16.1.pom
2025-04-28 18:48:16,320 [Worker-107: Creating project "erp_mini"] INFO  o.e.m.c.i.e.AbstractTransferListenerAdapter - Downloaded https://repo.maven.apache.org/maven2/commons-codec/commons-codec/1.16.1/commons-codec-1.16.1.pom
2025-04-28 18:48:16,498 [Worker-107: Creating project "erp_mini"] INFO  o.e.m.c.i.e.AbstractTransferListenerAdapter - Downloading https://repo.maven.apache.org/maven2/org/apache/commons/commons-lang3/3.14.0/commons-lang3-3.14.0.pom
2025-04-28 18:48:16,536 [Worker-107: Creating project "erp_mini"] INFO  o.e.m.c.i.e.AbstractTransferListenerAdapter - Downloaded https://repo.maven.apache.org/maven2/org/apache/commons/commons-lang3/3.14.0/commons-lang3-3.14.0.pom
2025-04-28 18:48:16,890 [Worker-107: Creating project "erp_mini"] INFO  o.e.m.c.i.e.AbstractTransferListenerAdapter - Downloading https://repo.maven.apache.org/maven2/org/apache/commons/commons-parent/64/commons-parent-64.pom
2025-04-28 18:48:16,948 [Worker-107: Creating project "erp_mini"] INFO  o.e.m.c.i.e.AbstractTransferListenerAdapter - Downloaded https://repo.maven.apache.org/maven2/org/apache/commons/commons-parent/64/commons-parent-64.pom
2025-04-28 18:48:17,066 [Worker-107: Creating project "erp_mini"] INFO  o.e.m.c.i.e.AbstractTransferListenerAdapter - Downloading https://repo.maven.apache.org/maven2/org/apache/apache/30/apache-30.pom
2025-04-28 18:48:17,088 [Worker-107: Creating project "erp_mini"] INFO  o.e.m.c.i.e.AbstractTransferListenerAdapter - Downloaded https://repo.maven.apache.org/maven2/org/apache/apache/30/apache-30.pom
2025-04-28 18:48:17,168 [Worker-107: Creating project "erp_mini"] INFO  o.e.m.c.i.e.AbstractTransferListenerAdapter - Downloading https://repo.maven.apache.org/maven2/org/iq80/snappy/snappy/0.4/snappy-0.4.pom
2025-04-28 18:48:17,191 [Worker-107: Creating project "erp_mini"] INFO  o.e.m.c.i.e.AbstractTransferListenerAdapter - Downloaded https://repo.maven.apache.org/maven2/org/iq80/snappy/snappy/0.4/snappy-0.4.pom
2025-04-28 18:48:17,304 [Worker-107: Creating project "erp_mini"] INFO  o.e.m.c.i.e.AbstractTransferListenerAdapter - Downloading https://repo.maven.apache.org/maven2/org/tukaani/xz/1.9/xz-1.9.pom
2025-04-28 18:48:17,355 [Worker-107: Creating project "erp_mini"] INFO  o.e.m.c.i.e.AbstractTransferListenerAdapter - Downloaded https://repo.maven.apache.org/maven2/org/tukaani/xz/1.9/xz-1.9.pom
2025-04-28 18:48:17,475 [Worker-107: Creating project "erp_mini"] INFO  o.e.m.c.i.e.AbstractTransferListenerAdapter - Downloading https://repo.maven.apache.org/maven2/com/github/luben/zstd-jni/1.5.5-11/zstd-jni-1.5.5-11.pom
2025-04-28 18:48:17,506 [Worker-107: Creating project "erp_mini"] INFO  o.e.m.c.i.e.AbstractTransferListenerAdapter - Downloaded https://repo.maven.apache.org/maven2/com/github/luben/zstd-jni/1.5.5-11/zstd-jni-1.5.5-11.pom
2025-04-28 18:48:17,603 [Worker-107: Creating project "erp_mini"] INFO  o.e.m.c.i.e.AbstractTransferListenerAdapter - Downloading https://repo.maven.apache.org/maven2/org/codehaus/plexus/plexus-interpolation/1.27/plexus-interpolation-1.27.pom
2025-04-28 18:48:17,618 [Worker-107: Creating project "erp_mini"] INFO  o.e.m.c.i.e.AbstractTransferListenerAdapter - Downloaded https://repo.maven.apache.org/maven2/org/codehaus/plexus/plexus-interpolation/1.27/plexus-interpolation-1.27.pom
2025-04-28 18:48:17,738 [Worker-107: Creating project "erp_mini"] INFO  o.e.m.c.i.e.AbstractTransferListenerAdapter - Downloading https://repo.maven.apache.org/maven2/org/apache/maven/shared/file-management/3.1.0/file-management-3.1.0.jar
2025-04-28 18:48:17,802 [Worker-107: Creating project "erp_mini"] INFO  o.e.m.c.i.e.AbstractTransferListenerAdapter - Downloaded https://repo.maven.apache.org/maven2/org/apache/maven/shared/file-management/3.1.0/file-management-3.1.0.jar
2025-04-28 18:48:17,905 [BasicRepositoryConnector-repo.maven.apache.org-0-0] INFO  o.e.m.c.i.e.AbstractTransferListenerAdapter - Downloading https://repo.maven.apache.org/maven2/commons-io/commons-io/2.16.1/commons-io-2.16.1.jar
2025-04-28 18:48:18,033 [BasicRepositoryConnector-repo.maven.apache.org-0-4] INFO  o.e.m.c.i.e.AbstractTransferListenerAdapter - Downloading https://repo.maven.apache.org/maven2/org/codehaus/plexus/plexus-archiver/4.9.2/plexus-archiver-4.9.2.jar
2025-04-28 18:48:18,417 [BasicRepositoryConnector-repo.maven.apache.org-0-4] INFO  o.e.m.c.i.e.AbstractTransferListenerAdapter - Downloaded https://repo.maven.apache.org/maven2/org/codehaus/plexus/plexus-archiver/4.9.2/plexus-archiver-4.9.2.jar
2025-04-28 18:48:18,451 [BasicRepositoryConnector-repo.maven.apache.org-0-4] INFO  o.e.m.c.i.e.AbstractTransferListenerAdapter - Downloading https://repo.maven.apache.org/maven2/org/codehaus/plexus/plexus-io/3.4.2/plexus-io-3.4.2.jar
2025-04-28 18:48:18,617 [BasicRepositoryConnector-repo.maven.apache.org-0-4] INFO  o.e.m.c.i.e.AbstractTransferListenerAdapter - Downloaded https://repo.maven.apache.org/maven2/org/codehaus/plexus/plexus-io/3.4.2/plexus-io-3.4.2.jar
2025-04-28 18:48:18,657 [BasicRepositoryConnector-repo.maven.apache.org-0-4] INFO  o.e.m.c.i.e.AbstractTransferListenerAdapter - Downloading https://repo.maven.apache.org/maven2/org/apache/commons/commons-compress/1.26.1/commons-compress-1.26.1.jar
2025-04-28 18:48:18,757 [BasicRepositoryConnector-repo.maven.apache.org-0-0] INFO  o.e.m.c.i.e.AbstractTransferListenerAdapter - Downloaded https://repo.maven.apache.org/maven2/commons-io/commons-io/2.16.1/commons-io-2.16.1.jar
2025-04-28 18:48:18,836 [BasicRepositoryConnector-repo.maven.apache.org-0-0] INFO  o.e.m.c.i.e.AbstractTransferListenerAdapter - Downloading https://repo.maven.apache.org/maven2/org/apache/commons/commons-lang3/3.14.0/commons-lang3-3.14.0.jar
2025-04-28 18:48:19,015 [BasicRepositoryConnector-repo.maven.apache.org-0-1] INFO  o.e.m.c.i.e.AbstractTransferListenerAdapter - Downloading https://repo.maven.apache.org/maven2/org/apache/maven/maven-archiver/3.6.2/maven-archiver-3.6.2.jar
2025-04-28 18:48:19,035 [BasicRepositoryConnector-repo.maven.apache.org-0-1] INFO  o.e.m.c.i.e.AbstractTransferListenerAdapter - Downloaded https://repo.maven.apache.org/maven2/org/apache/maven/maven-archiver/3.6.2/maven-archiver-3.6.2.jar
2025-04-28 18:48:19,073 [BasicRepositoryConnector-repo.maven.apache.org-0-1] INFO  o.e.m.c.i.e.AbstractTransferListenerAdapter - Downloading https://repo.maven.apache.org/maven2/commons-codec/commons-codec/1.16.1/commons-codec-1.16.1.jar
2025-04-28 18:48:19,591 [BasicRepositoryConnector-repo.maven.apache.org-0-1] INFO  o.e.m.c.i.e.AbstractTransferListenerAdapter - Downloaded https://repo.maven.apache.org/maven2/commons-codec/commons-codec/1.16.1/commons-codec-1.16.1.jar
2025-04-28 18:48:19,650 [BasicRepositoryConnector-repo.maven.apache.org-0-1] INFO  o.e.m.c.i.e.AbstractTransferListenerAdapter - Downloading https://repo.maven.apache.org/maven2/org/iq80/snappy/snappy/0.4/snappy-0.4.jar
2025-04-28 18:48:19,739 [BasicRepositoryConnector-repo.maven.apache.org-0-1] INFO  o.e.m.c.i.e.AbstractTransferListenerAdapter - Downloaded https://repo.maven.apache.org/maven2/org/iq80/snappy/snappy/0.4/snappy-0.4.jar
2025-04-28 18:48:19,770 [BasicRepositoryConnector-repo.maven.apache.org-0-1] INFO  o.e.m.c.i.e.AbstractTransferListenerAdapter - Downloading https://repo.maven.apache.org/maven2/org/tukaani/xz/1.9/xz-1.9.jar
2025-04-28 18:48:19,953 [BasicRepositoryConnector-repo.maven.apache.org-0-1] INFO  o.e.m.c.i.e.AbstractTransferListenerAdapter - Downloaded https://repo.maven.apache.org/maven2/org/tukaani/xz/1.9/xz-1.9.jar
2025-04-28 18:48:19,999 [BasicRepositoryConnector-repo.maven.apache.org-0-1] INFO  o.e.m.c.i.e.AbstractTransferListenerAdapter - Downloading https://repo.maven.apache.org/maven2/com/github/luben/zstd-jni/1.5.5-11/zstd-jni-1.5.5-11.jar
2025-04-28 18:48:20,987 [BasicRepositoryConnector-repo.maven.apache.org-0-2] INFO  o.e.m.c.i.e.AbstractTransferListenerAdapter - Downloading https://repo.maven.apache.org/maven2/org/codehaus/plexus/plexus-interpolation/1.27/plexus-interpolation-1.27.jar
2025-04-28 18:48:21,291 [BasicRepositoryConnector-repo.maven.apache.org-0-2] INFO  o.e.m.c.i.e.AbstractTransferListenerAdapter - Downloaded https://repo.maven.apache.org/maven2/org/codehaus/plexus/plexus-interpolation/1.27/plexus-interpolation-1.27.jar
2025-04-28 18:48:21,575 [BasicRepositoryConnector-repo.maven.apache.org-0-0] INFO  o.e.m.c.i.e.AbstractTransferListenerAdapter - Downloaded https://repo.maven.apache.org/maven2/org/apache/commons/commons-lang3/3.14.0/commons-lang3-3.14.0.jar
2025-04-28 18:48:22,053 [BasicRepositoryConnector-repo.maven.apache.org-0-4] INFO  o.e.m.c.i.e.AbstractTransferListenerAdapter - Downloaded https://repo.maven.apache.org/maven2/org/apache/commons/commons-compress/1.26.1/commons-compress-1.26.1.jar
2025-04-28 18:48:28,189 [BasicRepositoryConnector-repo.maven.apache.org-0-3] INFO  o.e.m.c.i.e.AbstractTransferListenerAdapter - Downloading https://repo.maven.apache.org/maven2/org/codehaus/plexus/plexus-utils/4.0.1/plexus-utils-4.0.1.jar
2025-04-28 18:48:29,286 [BasicRepositoryConnector-repo.maven.apache.org-0-3] INFO  o.e.m.c.i.e.AbstractTransferListenerAdapter - Downloaded https://repo.maven.apache.org/maven2/org/codehaus/plexus/plexus-utils/4.0.1/plexus-utils-4.0.1.jar
2025-04-28 18:48:33,472 [BasicRepositoryConnector-repo.maven.apache.org-0-1] INFO  o.e.m.c.i.e.AbstractTransferListenerAdapter - Downloaded https://repo.maven.apache.org/maven2/com/github/luben/zstd-jni/1.5.5-11/zstd-jni-1.5.5-11.jar
2025-04-28 18:48:36,039 [Worker-107: Creating project "erp_mini"] INFO  o.e.m.j.i.AbstractJavaProjectConfigurator - Adding source folder /erp_mini/src/main/java
2025-04-28 18:48:36,063 [Worker-107: Creating project "erp_mini"] INFO  o.e.m.j.i.AbstractJavaProjectConfigurator - Adding resource folder /erp_mini/src/main/resources
2025-04-28 18:48:36,074 [Worker-107: Creating project "erp_mini"] INFO  o.e.m.j.i.AbstractJavaProjectConfigurator - Adding source folder /erp_mini/src/test/java
2025-04-28 18:48:36,082 [Worker-107: Creating project "erp_mini"] INFO  o.e.m.j.i.AbstractJavaProjectConfigurator - Adding resource folder /erp_mini/src/test/resources
2025-04-28 18:48:37,919 [Worker-771: Building] WARN  o.a.m.s.f.DefaultMavenResourcesFiltering - Using platform encoding (UTF-8 actually) to copy filtered resources, i.e. build is platform dependent!
2025-04-28 18:48:37,950 [Worker-771: Building] INFO  o.a.m.s.f.DefaultMavenResourcesFiltering - Copying 0 resource from src\main\resources to target\classes
2025-04-28 18:48:37,967 [Worker-771: Building] WARN  o.a.m.s.f.DefaultMavenResourcesFiltering - Using platform encoding (UTF-8 actually) to copy filtered resources, i.e. build is platform dependent!
2025-04-28 18:48:37,970 [Worker-771: Building] INFO  o.a.m.s.f.DefaultMavenResourcesFiltering - Copying 0 resource from src\test\resources to target\test-classes
2025-04-28 18:50:12,414 [ModalContext] INFO  o.e.m.c.i.e.AbstractTransferListenerAdapter - Downloading https://repo.maven.apache.org/maven2/org/apache/maven/archetypes/maven-archetype-archetype/1.0/maven-archetype-archetype-1.0.pom
2025-04-28 18:50:12,471 [ModalContext] INFO  o.e.m.c.i.e.AbstractTransferListenerAdapter - Downloaded https://repo.maven.apache.org/maven2/org/apache/maven/archetypes/maven-archetype-archetype/1.0/maven-archetype-archetype-1.0.pom
2025-04-28 18:50:12,511 [ModalContext] INFO  o.e.m.c.i.e.AbstractTransferListenerAdapter - Downloading https://repo.maven.apache.org/maven2/org/apache/maven/archetypes/maven-archetype-bundles/2/maven-archetype-bundles-2.pom
2025-04-28 18:50:12,520 [ModalContext] INFO  o.e.m.c.i.e.AbstractTransferListenerAdapter - Downloaded https://repo.maven.apache.org/maven2/org/apache/maven/archetypes/maven-archetype-bundles/2/maven-archetype-bundles-2.pom
2025-04-28 18:50:12,579 [ModalContext] INFO  o.e.m.c.i.e.AbstractTransferListenerAdapter - Downloading https://repo.maven.apache.org/maven2/org/apache/maven/archetype/maven-archetype-parent/1/maven-archetype-parent-1.pom
2025-04-28 18:50:12,586 [ModalContext] INFO  o.e.m.c.i.e.AbstractTransferListenerAdapter - Downloaded https://repo.maven.apache.org/maven2/org/apache/maven/archetype/maven-archetype-parent/1/maven-archetype-parent-1.pom
2025-04-28 18:50:12,621 [ModalContext] INFO  o.e.m.c.i.e.AbstractTransferListenerAdapter - Downloading https://repo.maven.apache.org/maven2/org/apache/maven/maven-parent/4/maven-parent-4.pom
2025-04-28 18:50:12,633 [ModalContext] INFO  o.e.m.c.i.e.AbstractTransferListenerAdapter - Downloaded https://repo.maven.apache.org/maven2/org/apache/maven/maven-parent/4/maven-parent-4.pom
2025-04-28 18:50:12,682 [ModalContext] INFO  o.e.m.c.i.e.AbstractTransferListenerAdapter - Downloading https://repo.maven.apache.org/maven2/org/apache/apache/3/apache-3.pom
2025-04-28 18:50:12,688 [ModalContext] INFO  o.e.m.c.i.e.AbstractTransferListenerAdapter - Downloaded https://repo.maven.apache.org/maven2/org/apache/apache/3/apache-3.pom
2025-04-28 18:50:12,726 [ModalContext] INFO  o.e.m.c.i.e.AbstractTransferListenerAdapter - Downloading https://repo.maven.apache.org/maven2/org/apache/maven/archetypes/maven-archetype-archetype/1.0/maven-archetype-archetype-1.0.jar
2025-04-28 18:50:12,736 [ModalContext] INFO  o.e.m.c.i.e.AbstractTransferListenerAdapter - Downloaded https://repo.maven.apache.org/maven2/org/apache/maven/archetypes/maven-archetype-archetype/1.0/maven-archetype-archetype-1.0.jar
2025-04-28 18:50:51,937 [Worker-1398: Launching mavenrun-7ffd5d97-569f-4612-9871-e5d349e28483] INFO  o.eclipse.m2e.core.internal.Bundles - getClasspathEntries(Bundle=org.eclipse.m2e.maven.runtime_3.9.900.20250220-2013 [298])
2025-04-28 18:50:51,997 [Worker-1398: Launching mavenrun-7ffd5d97-569f-4612-9871-e5d349e28483] INFO  o.eclipse.m2e.core.internal.Bundles - 	Entry: C:\Users\douih\.p2\pool\plugins\org.eclipse.m2e.maven.runtime_3.9.900.20250220-2013
2025-04-28 18:50:51,998 [Worker-1398: Launching mavenrun-7ffd5d97-569f-4612-9871-e5d349e28483] INFO  o.eclipse.m2e.core.internal.Bundles - 	Entry: C:\Users\douih\.p2\pool\plugins\org.eclipse.m2e.maven.runtime_3.9.900.20250220-2013\jars\aopalliance-1.0.jar
2025-04-28 18:50:51,999 [Worker-1398: Launching mavenrun-7ffd5d97-569f-4612-9871-e5d349e28483] INFO  o.eclipse.m2e.core.internal.Bundles - 	Entry: C:\Users\douih\.p2\pool\plugins\org.eclipse.m2e.maven.runtime_3.9.900.20250220-2013\jars\guice-5.1.0.jar
2025-04-28 18:50:51,999 [Worker-1398: Launching mavenrun-7ffd5d97-569f-4612-9871-e5d349e28483] INFO  o.eclipse.m2e.core.internal.Bundles - 	Entry: C:\Users\douih\.p2\pool\plugins\org.eclipse.m2e.maven.runtime_3.9.900.20250220-2013\jars\httpclient-4.5.14.jar
2025-04-28 18:50:51,999 [Worker-1398: Launching mavenrun-7ffd5d97-569f-4612-9871-e5d349e28483] INFO  o.eclipse.m2e.core.internal.Bundles - 	Entry: C:\Users\douih\.p2\pool\plugins\org.eclipse.m2e.maven.runtime_3.9.900.20250220-2013\jars\httpcore-4.4.16.jar
2025-04-28 18:50:51,999 [Worker-1398: Launching mavenrun-7ffd5d97-569f-4612-9871-e5d349e28483] INFO  o.eclipse.m2e.core.internal.Bundles - 	Entry: C:\Users\douih\.p2\pool\plugins\org.eclipse.m2e.maven.runtime_3.9.900.20250220-2013\jars\jansi-2.4.1.jar
2025-04-28 18:50:52,000 [Worker-1398: Launching mavenrun-7ffd5d97-569f-4612-9871-e5d349e28483] INFO  o.eclipse.m2e.core.internal.Bundles - 	Entry: C:\Users\douih\.p2\pool\plugins\org.eclipse.m2e.maven.runtime_3.9.900.20250220-2013\jars\jcl-over-slf4j-1.7.36.jar
2025-04-28 18:50:52,000 [Worker-1398: Launching mavenrun-7ffd5d97-569f-4612-9871-e5d349e28483] INFO  o.eclipse.m2e.core.internal.Bundles - 	Entry: C:\Users\douih\.p2\pool\plugins\org.eclipse.m2e.maven.runtime_3.9.900.20250220-2013\jars\maven-artifact-3.9.9.jar
2025-04-28 18:50:52,000 [Worker-1398: Launching mavenrun-7ffd5d97-569f-4612-9871-e5d349e28483] INFO  o.eclipse.m2e.core.internal.Bundles - 	Entry: C:\Users\douih\.p2\pool\plugins\org.eclipse.m2e.maven.runtime_3.9.900.20250220-2013\jars\maven-builder-support-3.9.9.jar
2025-04-28 18:50:52,000 [Worker-1398: Launching mavenrun-7ffd5d97-569f-4612-9871-e5d349e28483] INFO  o.eclipse.m2e.core.internal.Bundles - 	Entry: C:\Users\douih\.p2\pool\plugins\org.eclipse.m2e.maven.runtime_3.9.900.20250220-2013\jars\maven-compat-3.9.9.jar
2025-04-28 18:50:52,001 [Worker-1398: Launching mavenrun-7ffd5d97-569f-4612-9871-e5d349e28483] INFO  o.eclipse.m2e.core.internal.Bundles - 	Entry: C:\Users\douih\.p2\pool\plugins\org.eclipse.m2e.maven.runtime_3.9.900.20250220-2013\jars\maven-core-3.9.9.jar
2025-04-28 18:50:52,002 [Worker-1398: Launching mavenrun-7ffd5d97-569f-4612-9871-e5d349e28483] INFO  o.eclipse.m2e.core.internal.Bundles - 	Entry: C:\Users\douih\.p2\pool\plugins\org.eclipse.m2e.maven.runtime_3.9.900.20250220-2013\jars\maven-embedder-3.9.9.jar
2025-04-28 18:50:52,003 [Worker-1398: Launching mavenrun-7ffd5d97-569f-4612-9871-e5d349e28483] INFO  o.eclipse.m2e.core.internal.Bundles - 	Entry: C:\Users\douih\.p2\pool\plugins\org.eclipse.m2e.maven.runtime_3.9.900.20250220-2013\jars\maven-model-3.9.9.jar
2025-04-28 18:50:52,003 [Worker-1398: Launching mavenrun-7ffd5d97-569f-4612-9871-e5d349e28483] INFO  o.eclipse.m2e.core.internal.Bundles - 	Entry: C:\Users\douih\.p2\pool\plugins\org.eclipse.m2e.maven.runtime_3.9.900.20250220-2013\jars\maven-model-builder-3.9.9.jar
2025-04-28 18:50:52,003 [Worker-1398: Launching mavenrun-7ffd5d97-569f-4612-9871-e5d349e28483] INFO  o.eclipse.m2e.core.internal.Bundles - 	Entry: C:\Users\douih\.p2\pool\plugins\org.eclipse.m2e.maven.runtime_3.9.900.20250220-2013\jars\maven-plugin-api-3.9.9.jar
2025-04-28 18:50:52,005 [Worker-1398: Launching mavenrun-7ffd5d97-569f-4612-9871-e5d349e28483] INFO  o.eclipse.m2e.core.internal.Bundles - 	Entry: C:\Users\douih\.p2\pool\plugins\org.eclipse.m2e.maven.runtime_3.9.900.20250220-2013\jars\maven-repository-metadata-3.9.9.jar
2025-04-28 18:50:52,006 [Worker-1398: Launching mavenrun-7ffd5d97-569f-4612-9871-e5d349e28483] INFO  o.eclipse.m2e.core.internal.Bundles - 	Entry: C:\Users\douih\.p2\pool\plugins\org.eclipse.m2e.maven.runtime_3.9.900.20250220-2013\jars\maven-resolver-api-1.9.22.jar
2025-04-28 18:50:52,008 [Worker-1398: Launching mavenrun-7ffd5d97-569f-4612-9871-e5d349e28483] INFO  o.eclipse.m2e.core.internal.Bundles - 	Entry: C:\Users\douih\.p2\pool\plugins\org.eclipse.m2e.maven.runtime_3.9.900.20250220-2013\jars\maven-resolver-connector-basic-1.9.22.jar
2025-04-28 18:50:52,009 [Worker-1398: Launching mavenrun-7ffd5d97-569f-4612-9871-e5d349e28483] INFO  o.eclipse.m2e.core.internal.Bundles - 	Entry: C:\Users\douih\.p2\pool\plugins\org.eclipse.m2e.maven.runtime_3.9.900.20250220-2013\jars\maven-resolver-impl-1.9.22.jar
2025-04-28 18:50:52,010 [Worker-1398: Launching mavenrun-7ffd5d97-569f-4612-9871-e5d349e28483] INFO  o.eclipse.m2e.core.internal.Bundles - 	Entry: C:\Users\douih\.p2\pool\plugins\org.eclipse.m2e.maven.runtime_3.9.900.20250220-2013\jars\maven-resolver-named-locks-1.9.22.jar
2025-04-28 18:50:52,011 [Worker-1398: Launching mavenrun-7ffd5d97-569f-4612-9871-e5d349e28483] INFO  o.eclipse.m2e.core.internal.Bundles - 	Entry: C:\Users\douih\.p2\pool\plugins\org.eclipse.m2e.maven.runtime_3.9.900.20250220-2013\jars\maven-resolver-provider-3.9.9.jar
2025-04-28 18:50:52,013 [Worker-1398: Launching mavenrun-7ffd5d97-569f-4612-9871-e5d349e28483] INFO  o.eclipse.m2e.core.internal.Bundles - 	Entry: C:\Users\douih\.p2\pool\plugins\org.eclipse.m2e.maven.runtime_3.9.900.20250220-2013\jars\maven-resolver-spi-1.9.22.jar
2025-04-28 18:50:52,013 [Worker-1398: Launching mavenrun-7ffd5d97-569f-4612-9871-e5d349e28483] INFO  o.eclipse.m2e.core.internal.Bundles - 	Entry: C:\Users\douih\.p2\pool\plugins\org.eclipse.m2e.maven.runtime_3.9.900.20250220-2013\jars\maven-resolver-transport-file-1.9.22.jar
2025-04-28 18:50:52,013 [Worker-1398: Launching mavenrun-7ffd5d97-569f-4612-9871-e5d349e28483] INFO  o.eclipse.m2e.core.internal.Bundles - 	Entry: C:\Users\douih\.p2\pool\plugins\org.eclipse.m2e.maven.runtime_3.9.900.20250220-2013\jars\maven-resolver-transport-http-1.9.22.jar
2025-04-28 18:50:52,014 [Worker-1398: Launching mavenrun-7ffd5d97-569f-4612-9871-e5d349e28483] INFO  o.eclipse.m2e.core.internal.Bundles - 	Entry: C:\Users\douih\.p2\pool\plugins\org.eclipse.m2e.maven.runtime_3.9.900.20250220-2013\jars\maven-resolver-transport-wagon-1.9.22.jar
2025-04-28 18:50:52,015 [Worker-1398: Launching mavenrun-7ffd5d97-569f-4612-9871-e5d349e28483] INFO  o.eclipse.m2e.core.internal.Bundles - 	Entry: C:\Users\douih\.p2\pool\plugins\org.eclipse.m2e.maven.runtime_3.9.900.20250220-2013\jars\maven-resolver-util-1.9.22.jar
2025-04-28 18:50:52,016 [Worker-1398: Launching mavenrun-7ffd5d97-569f-4612-9871-e5d349e28483] INFO  o.eclipse.m2e.core.internal.Bundles - 	Entry: C:\Users\douih\.p2\pool\plugins\org.eclipse.m2e.maven.runtime_3.9.900.20250220-2013\jars\maven-settings-3.9.9.jar
2025-04-28 18:50:52,017 [Worker-1398: Launching mavenrun-7ffd5d97-569f-4612-9871-e5d349e28483] INFO  o.eclipse.m2e.core.internal.Bundles - 	Entry: C:\Users\douih\.p2\pool\plugins\org.eclipse.m2e.maven.runtime_3.9.900.20250220-2013\jars\maven-settings-builder-3.9.9.jar
2025-04-28 18:50:52,017 [Worker-1398: Launching mavenrun-7ffd5d97-569f-4612-9871-e5d349e28483] INFO  o.eclipse.m2e.core.internal.Bundles - 	Entry: C:\Users\douih\.p2\pool\plugins\org.eclipse.m2e.maven.runtime_3.9.900.20250220-2013\jars\maven-shared-utils-3.4.2.jar
2025-04-28 18:50:52,018 [Worker-1398: Launching mavenrun-7ffd5d97-569f-4612-9871-e5d349e28483] INFO  o.eclipse.m2e.core.internal.Bundles - 	Entry: C:\Users\douih\.p2\pool\plugins\org.eclipse.m2e.maven.runtime_3.9.900.20250220-2013\jars\org.eclipse.sisu.inject-0.9.0.M3.jar
2025-04-28 18:50:52,018 [Worker-1398: Launching mavenrun-7ffd5d97-569f-4612-9871-e5d349e28483] INFO  o.eclipse.m2e.core.internal.Bundles - 	Entry: C:\Users\douih\.p2\pool\plugins\org.eclipse.m2e.maven.runtime_3.9.900.20250220-2013\jars\org.eclipse.sisu.plexus-0.9.0.M3.jar
2025-04-28 18:50:52,018 [Worker-1398: Launching mavenrun-7ffd5d97-569f-4612-9871-e5d349e28483] INFO  o.eclipse.m2e.core.internal.Bundles - 	Entry: C:\Users\douih\.p2\pool\plugins\org.eclipse.m2e.maven.runtime_3.9.900.20250220-2013\jars\plexus-build-api-0.0.7.jar
2025-04-28 18:50:52,019 [Worker-1398: Launching mavenrun-7ffd5d97-569f-4612-9871-e5d349e28483] INFO  o.eclipse.m2e.core.internal.Bundles - 	Entry: C:\Users\douih\.p2\pool\plugins\org.eclipse.m2e.maven.runtime_3.9.900.20250220-2013\jars\plexus-build-api-1.2.0.jar
2025-04-28 18:50:52,019 [Worker-1398: Launching mavenrun-7ffd5d97-569f-4612-9871-e5d349e28483] INFO  o.eclipse.m2e.core.internal.Bundles - 	Entry: C:\Users\douih\.p2\pool\plugins\org.eclipse.m2e.maven.runtime_3.9.900.20250220-2013\jars\plexus-cipher-2.0.jar
2025-04-28 18:50:52,019 [Worker-1398: Launching mavenrun-7ffd5d97-569f-4612-9871-e5d349e28483] INFO  o.eclipse.m2e.core.internal.Bundles - 	Entry: C:\Users\douih\.p2\pool\plugins\org.eclipse.m2e.maven.runtime_3.9.900.20250220-2013\jars\plexus-classworlds-2.8.0.jar
2025-04-28 18:50:52,020 [Worker-1398: Launching mavenrun-7ffd5d97-569f-4612-9871-e5d349e28483] INFO  o.eclipse.m2e.core.internal.Bundles - 	Entry: C:\Users\douih\.p2\pool\plugins\org.eclipse.m2e.maven.runtime_3.9.900.20250220-2013\jars\plexus-component-annotations-2.1.0.jar
2025-04-28 18:50:52,020 [Worker-1398: Launching mavenrun-7ffd5d97-569f-4612-9871-e5d349e28483] INFO  o.eclipse.m2e.core.internal.Bundles - 	Entry: C:\Users\douih\.p2\pool\plugins\org.eclipse.m2e.maven.runtime_3.9.900.20250220-2013\jars\plexus-interpolation-1.27.jar
2025-04-28 18:50:52,020 [Worker-1398: Launching mavenrun-7ffd5d97-569f-4612-9871-e5d349e28483] INFO  o.eclipse.m2e.core.internal.Bundles - 	Entry: C:\Users\douih\.p2\pool\plugins\org.eclipse.m2e.maven.runtime_3.9.900.20250220-2013\jars\plexus-sec-dispatcher-2.0.jar
2025-04-28 18:50:52,021 [Worker-1398: Launching mavenrun-7ffd5d97-569f-4612-9871-e5d349e28483] INFO  o.eclipse.m2e.core.internal.Bundles - 	Entry: C:\Users\douih\.p2\pool\plugins\org.eclipse.m2e.maven.runtime_3.9.900.20250220-2013\jars\plexus-utils-3.5.1.jar
2025-04-28 18:50:52,021 [Worker-1398: Launching mavenrun-7ffd5d97-569f-4612-9871-e5d349e28483] INFO  o.eclipse.m2e.core.internal.Bundles - 	Entry: C:\Users\douih\.p2\pool\plugins\org.eclipse.m2e.maven.runtime_3.9.900.20250220-2013\jars\plexus-xml-3.0.1.jar
2025-04-28 18:50:52,021 [Worker-1398: Launching mavenrun-7ffd5d97-569f-4612-9871-e5d349e28483] INFO  o.eclipse.m2e.core.internal.Bundles - 	Entry: C:\Users\douih\.p2\pool\plugins\org.eclipse.m2e.maven.runtime_3.9.900.20250220-2013\jars\wagon-file-3.5.3.jar
2025-04-28 18:50:52,021 [Worker-1398: Launching mavenrun-7ffd5d97-569f-4612-9871-e5d349e28483] INFO  o.eclipse.m2e.core.internal.Bundles - 	Entry: C:\Users\douih\.p2\pool\plugins\org.eclipse.m2e.maven.runtime_3.9.900.20250220-2013\jars\wagon-http-3.5.3.jar
2025-04-28 18:50:52,022 [Worker-1398: Launching mavenrun-7ffd5d97-569f-4612-9871-e5d349e28483] INFO  o.eclipse.m2e.core.internal.Bundles - 	Entry: C:\Users\douih\.p2\pool\plugins\org.eclipse.m2e.maven.runtime_3.9.900.20250220-2013\jars\wagon-http-shared-3.5.3.jar
2025-04-28 18:50:52,022 [Worker-1398: Launching mavenrun-7ffd5d97-569f-4612-9871-e5d349e28483] INFO  o.eclipse.m2e.core.internal.Bundles - 	Entry: C:\Users\douih\.p2\pool\plugins\org.eclipse.m2e.maven.runtime_3.9.900.20250220-2013\jars\wagon-provider-api-3.5.3.jar
2025-04-28 18:50:52,028 [Worker-1398: Launching mavenrun-7ffd5d97-569f-4612-9871-e5d349e28483] INFO  o.eclipse.m2e.core.internal.Bundles - getClasspathEntries(Bundle=com.google.guava_33.4.0.jre [12])
2025-04-28 18:50:52,029 [Worker-1398: Launching mavenrun-7ffd5d97-569f-4612-9871-e5d349e28483] INFO  o.eclipse.m2e.core.internal.Bundles - 	Entry: C:\Users\douih\.p2\pool\plugins\com.google.guava_33.4.0.jre.jar
2025-04-28 18:50:52,029 [Worker-1398: Launching mavenrun-7ffd5d97-569f-4612-9871-e5d349e28483] INFO  o.eclipse.m2e.core.internal.Bundles - getClasspathEntries(Bundle=slf4j.api_2.0.17 [522])
2025-04-28 18:50:52,030 [Worker-1398: Launching mavenrun-7ffd5d97-569f-4612-9871-e5d349e28483] INFO  o.eclipse.m2e.core.internal.Bundles - 	Entry: C:\Users\douih\.p2\pool\plugins\slf4j.api_2.0.17.jar
2025-04-28 18:50:52,030 [Worker-1398: Launching mavenrun-7ffd5d97-569f-4612-9871-e5d349e28483] INFO  o.eclipse.m2e.core.internal.Bundles - getClasspathEntries(Bundle=jakarta.inject.jakarta.inject-api_1.0.5 [24])
2025-04-28 18:50:52,031 [Worker-1398: Launching mavenrun-7ffd5d97-569f-4612-9871-e5d349e28483] INFO  o.eclipse.m2e.core.internal.Bundles - 	Entry: C:\Users\douih\.p2\pool\plugins\jakarta.inject.jakarta.inject-api_1.0.5.jar
2025-04-28 18:50:52,031 [Worker-1398: Launching mavenrun-7ffd5d97-569f-4612-9871-e5d349e28483] INFO  o.eclipse.m2e.core.internal.Bundles - getClasspathEntries(Bundle=jakarta.annotation-api_1.3.5 [22])
2025-04-28 18:50:52,032 [Worker-1398: Launching mavenrun-7ffd5d97-569f-4612-9871-e5d349e28483] INFO  o.eclipse.m2e.core.internal.Bundles - 	Entry: C:\Users\douih\.p2\pool\plugins\jakarta.annotation-api_1.3.5.jar
2025-04-28 18:50:52,032 [Worker-1398: Launching mavenrun-7ffd5d97-569f-4612-9871-e5d349e28483] INFO  o.eclipse.m2e.core.internal.Bundles - getClasspathEntries(Bundle=org.apache.commons.cli_1.9.0 [48])
2025-04-28 18:50:52,033 [Worker-1398: Launching mavenrun-7ffd5d97-569f-4612-9871-e5d349e28483] INFO  o.eclipse.m2e.core.internal.Bundles - 	Entry: C:\Users\douih\.p2\pool\plugins\org.apache.commons.cli_1.9.0.jar
2025-04-28 18:50:52,033 [Worker-1398: Launching mavenrun-7ffd5d97-569f-4612-9871-e5d349e28483] INFO  o.eclipse.m2e.core.internal.Bundles - getClasspathEntries(Bundle=org.apache.commons.commons-codec_1.16.0 [49])
2025-04-28 18:50:52,037 [Worker-1398: Launching mavenrun-7ffd5d97-569f-4612-9871-e5d349e28483] INFO  o.eclipse.m2e.core.internal.Bundles - 	Entry: C:\Users\douih\.p2\pool\plugins\org.apache.commons.commons-codec_1.16.0.jar
2025-04-28 18:50:52,037 [Worker-1398: Launching mavenrun-7ffd5d97-569f-4612-9871-e5d349e28483] INFO  o.eclipse.m2e.core.internal.Bundles - getClasspathEntries(Bundle=com.google.guava.failureaccess_1.0.2 [13])
2025-04-28 18:50:52,039 [Worker-1398: Launching mavenrun-7ffd5d97-569f-4612-9871-e5d349e28483] INFO  o.eclipse.m2e.core.internal.Bundles - 	Entry: C:\Users\douih\.p2\pool\plugins\com.google.guava.failureaccess_1.0.2.jar
2025-04-28 18:50:52,050 [Worker-1398: Launching mavenrun-7ffd5d97-569f-4612-9871-e5d349e28483] INFO  o.e.m.i.launch.MavenLaunchDelegate - Run build in "C:\Users\douih\AppData\Local\Temp\m2e-archetypeGenerator846889651865539040":
2025-04-28 18:50:52,055 [Worker-1398: Launching mavenrun-7ffd5d97-569f-4612-9871-e5d349e28483] INFO  o.e.m.i.launch.MavenLaunchDelegate -  mvn  -DarchetypeGroupId=org.apache.maven.archetypes -DarchetypeArtifactId=maven-archetype-archetype -DarchetypeVersion=1.0 -DgroupId=com.douihzakaria -DartifactId=erp_mini_test -Dversion=0.0.1-SNAPSHOT -Dpackage=com.douihzakaria.erp_mini_test -DoutputDirectory="D:\projet encadré\desktop_erp" -Dstyle.color=always -U archetype:generate
2025-04-28 18:52:58,598 [Worker-1397: Creating maven-archetype-archetype] INFO  o.e.m.c.i.p.ProjectConfigurationManager - Collecting project info '/pom.xml' D:\projet encadré\desktop_erp\erp_mini_test\pom.xml
2025-04-28 18:52:58,772 [Worker-1397: Creating maven-archetype-archetype] INFO  o.e.m.c.i.l.LifecycleMappingFactory - Using org.eclipse.m2e.jdt.JarLifecycleMapping lifecycle mapping for MavenProject: com.douihzakaria:erp_mini_test:0.0.1-SNAPSHOT @ D:\projet encadré\desktop_erp\erp_mini_test\pom.xml.
2025-04-28 18:52:58,836 [Worker-1397: Creating maven-archetype-archetype] INFO  o.e.m.j.i.AbstractJavaProjectConfigurator - Adding source folder /erp_mini_test/src/main/java
2025-04-28 18:52:58,838 [Worker-1397: Creating maven-archetype-archetype] INFO  o.e.m.j.i.AbstractJavaProjectConfigurator - Adding resource folder /erp_mini_test/src/main/resources
2025-04-28 18:52:58,839 [Worker-1397: Creating maven-archetype-archetype] INFO  o.e.m.j.i.AbstractJavaProjectConfigurator - Adding source folder /erp_mini_test/src/test/java
2025-04-28 18:52:58,840 [Worker-1397: Creating maven-archetype-archetype] INFO  o.e.m.j.i.AbstractJavaProjectConfigurator - Adding resource folder /erp_mini_test/src/test/resources
2025-04-28 18:52:58,921 [Worker-1397: Creating maven-archetype-archetype] INFO  o.e.m.c.i.p.ProjectConfigurationManager - Imported and configured 1 project(s) in 0 sec
2025-04-28 18:52:59,270 [Worker-8283: Building] WARN  o.a.m.s.f.DefaultMavenResourcesFiltering - Using platform encoding (UTF-8 actually) to copy filtered resources, i.e. build is platform dependent!
2025-04-28 18:52:59,275 [Worker-8283: Building] INFO  o.a.m.s.f.DefaultMavenResourcesFiltering - Copying 4 resources from src\main\resources to target\classes
2025-04-28 18:52:59,312 [Worker-8283: Building] WARN  o.a.m.s.f.DefaultMavenResourcesFiltering - Using platform encoding (UTF-8 actually) to copy filtered resources, i.e. build is platform dependent!
2025-04-28 18:52:59,313 [Worker-8283: Building] INFO  o.a.m.s.f.DefaultMavenResourcesFiltering - skip non existing resourceDirectory D:\projet encadré\desktop_erp\erp_mini_test\src\test\resources
2025-04-28 18:55:31,148 [Worker-8311: Building] INFO  o.e.m.c.i.l.LifecycleMappingFactory - Using org.eclipse.m2e.jdt.JarLifecycleMapping lifecycle mapping for MavenProject: com.douihzakaria:erp_mini_test:0.0.1-SNAPSHOT @ D:\projet encadré\desktop_erp\erp_mini_test\pom.xml.
2025-04-28 18:55:31,491 [Worker-8311: Building] INFO  o.e.m.c.i.e.AbstractTransferListenerAdapter - Downloading https://repo.maven.apache.org/maven2/com/formdev/flatlaf/3.6/flatlaf-3.6.pom
2025-04-28 18:55:31,498 [Worker-8311: Building] INFO  o.e.m.c.i.e.AbstractTransferListenerAdapter - Downloaded https://repo.maven.apache.org/maven2/com/formdev/flatlaf/3.6/flatlaf-3.6.pom
2025-04-28 18:55:31,581 [Worker-8311: Building] INFO  o.e.m.c.i.e.AbstractTransferListenerAdapter - Downloading https://repo.maven.apache.org/maven2/com/formdev/flatlaf/3.6/flatlaf-3.6.jar
2025-04-28 18:55:32,946 [Worker-8311: Building] INFO  o.e.m.c.i.e.AbstractTransferListenerAdapter - Downloaded https://repo.maven.apache.org/maven2/com/formdev/flatlaf/3.6/flatlaf-3.6.jar
2025-04-28 18:55:33,155 [Worker-8311: Building] WARN  o.a.m.s.f.DefaultMavenResourcesFiltering - Using platform encoding (UTF-8 actually) to copy filtered resources, i.e. build is platform dependent!
2025-04-28 18:55:33,166 [Worker-8311: Building] INFO  o.a.m.s.f.DefaultMavenResourcesFiltering - Copying 0 resource from src\main\resources to target\classes
2025-04-28 18:55:33,181 [Worker-8311: Building] WARN  o.a.m.s.f.DefaultMavenResourcesFiltering - Using platform encoding (UTF-8 actually) to copy filtered resources, i.e. build is platform dependent!
2025-04-28 18:55:33,182 [Worker-8311: Building] INFO  o.a.m.s.f.DefaultMavenResourcesFiltering - skip non existing resourceDirectory D:\projet encadré\desktop_erp\erp_mini_test\src\test\resources
2025-04-28 18:55:34,324 [Worker-8318: Building] WARN  o.a.m.s.f.DefaultMavenResourcesFiltering - Using platform encoding (UTF-8 actually) to copy filtered resources, i.e. build is platform dependent!
2025-04-28 18:55:34,326 [Worker-8318: Building] INFO  o.a.m.s.f.DefaultMavenResourcesFiltering - Copying 4 resources from src\main\resources to target\classes
2025-04-28 18:55:34,341 [Worker-8318: Building] WARN  o.a.m.s.f.DefaultMavenResourcesFiltering - Using platform encoding (UTF-8 actually) to copy filtered resources, i.e. build is platform dependent!
2025-04-28 18:55:34,341 [Worker-8318: Building] INFO  o.a.m.s.f.DefaultMavenResourcesFiltering - skip non existing resourceDirectory D:\projet encadré\desktop_erp\erp_mini_test\src\test\resources
2025-04-28 18:55:38,113 [Worker-8311: Download sources and javadoc] INFO  o.e.m.c.i.e.AbstractTransferListenerAdapter - Downloading https://repo.maven.apache.org/maven2/com/formdev/flatlaf/3.6/flatlaf-3.6-sources.jar
2025-04-28 18:55:38,466 [Worker-8311: Download sources and javadoc] INFO  o.e.m.c.i.e.AbstractTransferListenerAdapter - Downloaded https://repo.maven.apache.org/maven2/com/formdev/flatlaf/3.6/flatlaf-3.6-sources.jar
2025-04-28 18:55:38,473 [Worker-8311: Download sources and javadoc] INFO  o.e.m.j.internal.DownloadSourcesJob - Downloaded sources for com.formdev:flatlaf:3.6
2025-04-28 19:00:12,285 [Worker-8364: Building] INFO  o.e.m.c.i.l.LifecycleMappingFactory - Using org.eclipse.m2e.jdt.JarLifecycleMapping lifecycle mapping for MavenProject: com.douihzakaria:erp_mini_test:0.0.1-SNAPSHOT @ D:\projet encadré\desktop_erp\erp_mini_test\pom.xml.
2025-04-28 19:00:12,342 [Worker-8364: Building] WARN  o.a.m.s.f.DefaultMavenResourcesFiltering - Using platform encoding (UTF-8 actually) to copy filtered resources, i.e. build is platform dependent!
2025-04-28 19:00:12,347 [Worker-8364: Building] INFO  o.a.m.s.f.DefaultMavenResourcesFiltering - Copying 0 resource from src\main\resources to target\classes
2025-04-28 19:00:12,354 [Worker-8364: Building] WARN  o.a.m.s.f.DefaultMavenResourcesFiltering - Using platform encoding (UTF-8 actually) to copy filtered resources, i.e. build is platform dependent!
2025-04-28 19:00:12,355 [Worker-8364: Building] INFO  o.a.m.s.f.DefaultMavenResourcesFiltering - skip non existing resourceDirectory D:\projet encadré\desktop_erp\erp_mini_test\src\test\resources
2025-04-28 19:00:13,599 [Worker-8359: Building] WARN  o.a.m.s.f.DefaultMavenResourcesFiltering - Using platform encoding (UTF-8 actually) to copy filtered resources, i.e. build is platform dependent!
2025-04-28 19:00:13,604 [Worker-8359: Building] INFO  o.a.m.s.f.DefaultMavenResourcesFiltering - Copying 4 resources from src\main\resources to target\classes
2025-04-28 19:00:13,642 [Worker-8359: Building] WARN  o.a.m.s.f.DefaultMavenResourcesFiltering - Using platform encoding (UTF-8 actually) to copy filtered resources, i.e. build is platform dependent!
2025-04-28 19:00:13,643 [Worker-8359: Building] INFO  o.a.m.s.f.DefaultMavenResourcesFiltering - skip non existing resourceDirectory D:\projet encadré\desktop_erp\erp_mini_test\src\test\resources
2025-04-28 19:00:27,356 [Worker-8364: Building] INFO  o.e.m.c.i.l.LifecycleMappingFactory - Using org.eclipse.m2e.jdt.JarLifecycleMapping lifecycle mapping for MavenProject: com.douihzakaria:erp_mini_test:0.0.1-SNAPSHOT @ D:\projet encadré\desktop_erp\erp_mini_test\pom.xml.
2025-04-28 19:00:27,411 [Worker-8364: Building] WARN  o.a.m.s.f.DefaultMavenResourcesFiltering - Using platform encoding (UTF-8 actually) to copy filtered resources, i.e. build is platform dependent!
2025-04-28 19:00:27,419 [Worker-8364: Building] INFO  o.a.m.s.f.DefaultMavenResourcesFiltering - Copying 0 resource from src\main\resources to target\classes
2025-04-28 19:00:27,423 [Worker-8364: Building] WARN  o.a.m.s.f.DefaultMavenResourcesFiltering - Using platform encoding (UTF-8 actually) to copy filtered resources, i.e. build is platform dependent!
2025-04-28 19:00:27,424 [Worker-8364: Building] INFO  o.a.m.s.f.DefaultMavenResourcesFiltering - skip non existing resourceDirectory D:\projet encadré\desktop_erp\erp_mini_test\src\test\resources
2025-04-28 19:01:10,624 [Worker-7: Loading available Gradle versions] INFO  o.e.b.c.i.u.g.PublishedGradleVersions - Gradle version information cache is out-of-date. Trying to update.
2025-04-28 19:01:41,213 [Worker-11: Building] INFO  o.e.m.c.i.l.LifecycleMappingFactory - Using org.eclipse.m2e.jdt.JarLifecycleMapping lifecycle mapping for MavenProject: com.douihzakaria:erp_mini_test:0.0.1-SNAPSHOT @ D:\projet encadré\desktop_erp\erp_mini_test\pom.xml.
2025-04-28 19:01:41,616 [Worker-11: Building] WARN  o.a.m.s.f.DefaultMavenResourcesFiltering - Using platform encoding (UTF-8 actually) to copy filtered resources, i.e. build is platform dependent!
2025-04-28 19:01:41,625 [Worker-11: Building] INFO  o.a.m.s.f.DefaultMavenResourcesFiltering - Copying 4 resources from src\main\resources to target\classes
2025-04-28 19:01:41,637 [Worker-11: Building] WARN  o.a.m.s.f.DefaultMavenResourcesFiltering - Using platform encoding (UTF-8 actually) to copy filtered resources, i.e. build is platform dependent!
2025-04-28 19:01:41,638 [Worker-11: Building] INFO  o.a.m.s.f.DefaultMavenResourcesFiltering - skip non existing resourceDirectory D:\projet encadré\desktop_erp\erp_mini_test\src\test\resources
2025-04-28 19:01:43,910 [Worker-10: Building] WARN  o.a.m.s.f.DefaultMavenResourcesFiltering - Using platform encoding (UTF-8 actually) to copy filtered resources, i.e. build is platform dependent!
2025-04-28 19:01:43,912 [Worker-10: Building] INFO  o.a.m.s.f.DefaultMavenResourcesFiltering - Copying 4 resources from src\main\resources to target\classes
2025-04-28 19:01:43,926 [Worker-10: Building] WARN  o.a.m.s.f.DefaultMavenResourcesFiltering - Using platform encoding (UTF-8 actually) to copy filtered resources, i.e. build is platform dependent!
2025-04-28 19:01:43,927 [Worker-10: Building] INFO  o.a.m.s.f.DefaultMavenResourcesFiltering - skip non existing resourceDirectory D:\projet encadré\desktop_erp\erp_mini_test\src\test\resources
2025-04-29 19:29:19,823 [Worker-4: Loading available Gradle versions] INFO  o.e.b.c.i.u.g.PublishedGradleVersions - Gradle version information cache is out-of-date. Trying to update.
2025-04-29 20:27:51,449 [Worker-6: Loading available Gradle versions] INFO  o.e.b.c.i.u.g.PublishedGradleVersions - Gradle version information cache is up-to-date. Trying to read.
2025-04-29 21:10:34,752 [Worker-23: Building] WARN  o.a.m.s.f.DefaultMavenResourcesFiltering - Using platform encoding (UTF-8 actually) to copy filtered resources, i.e. build is platform dependent!
2025-04-29 21:10:34,787 [Worker-23: Building] INFO  o.a.m.s.f.DefaultMavenResourcesFiltering - Copying 0 resource from src\main\resources to target\classes
2025-04-29 21:10:34,796 [Worker-23: Building] WARN  o.a.m.s.f.DefaultMavenResourcesFiltering - Using platform encoding (UTF-8 actually) to copy filtered resources, i.e. build is platform dependent!
2025-04-29 21:10:34,798 [Worker-23: Building] INFO  o.a.m.s.f.DefaultMavenResourcesFiltering - Copying 0 resource from src\test\resources to target\test-classes
2025-04-29 21:10:35,735 [Worker-23: Building] WARN  o.a.m.s.f.DefaultMavenResourcesFiltering - Using platform encoding (UTF-8 actually) to copy filtered resources, i.e. build is platform dependent!
2025-04-29 21:10:35,749 [Worker-23: Building] INFO  o.a.m.s.f.DefaultMavenResourcesFiltering - Copying 4 resources from src\main\resources to target\classes
2025-04-29 21:10:35,813 [Worker-23: Building] WARN  o.a.m.s.f.DefaultMavenResourcesFiltering - Using platform encoding (UTF-8 actually) to copy filtered resources, i.e. build is platform dependent!
2025-04-29 21:10:35,814 [Worker-23: Building] INFO  o.a.m.s.f.DefaultMavenResourcesFiltering - skip non existing resourceDirectory D:\projet encadré\desktop_erp\erp_mini_test\src\test\resources
2025-04-30 03:50:56,102 [Worker-39: Building] INFO  o.e.m.c.i.l.LifecycleMappingFactory - Using org.eclipse.m2e.jdt.JarLifecycleMapping lifecycle mapping for MavenProject: com.douihzakaria:erp_mini:0.0.1-SNAPSHOT @ D:\projet encadré\desktop_erp\erp_mini\pom.xml.
2025-04-30 03:50:56,428 [Worker-39: Building] WARN  o.a.m.s.f.DefaultMavenResourcesFiltering - Using platform encoding (UTF-8 actually) to copy filtered resources, i.e. build is platform dependent!
2025-04-30 03:50:56,433 [Worker-39: Building] INFO  o.a.m.s.f.DefaultMavenResourcesFiltering - Copying 0 resource from src\main\resources to target\classes
2025-04-30 03:50:56,444 [Worker-39: Building] WARN  o.a.m.s.f.DefaultMavenResourcesFiltering - Using platform encoding (UTF-8 actually) to copy filtered resources, i.e. build is platform dependent!
2025-04-30 03:50:56,446 [Worker-39: Building] INFO  o.a.m.s.f.DefaultMavenResourcesFiltering - Copying 0 resource from src\test\resources to target\test-classes
2025-05-02 20:58:38,084 [Worker-1: Loading available Gradle versions] INFO  o.e.b.c.i.u.g.PublishedGradleVersions - Gradle version information cache is out-of-date. Trying to update.
